#
# A fatal error has been detected by the Java Runtime Environment:
#
#  EXCEPTION_ACCESS_VIOLATION (0xc0000005) at pc=0x0000000065fdfe56, pid=14528, tid=5244
#
# JRE version: Java(TM) SE Runtime Environment (8.0_31-b13) (build 1.8.0_31-b13)
# Java VM: Java HotSpot(TM) 64-Bit Server VM (25.31-b07 mixed mode windows-amd64 compressed oops)
# Problematic frame:
# V  [jvm.dll+0x3dfe56]
#
# Failed to write core dump. Minidumps are not enabled by default on client versions of Windows
#
# If you would like to submit a bug report, please visit:
#   http://bugreport.java.com/bugreport/crash.jsp
#

---------------  T H R E A D  ---------------

Current thread (0x00000000028dd800):  GCTaskThread [stack: 0x0000000012b70000,0x0000000012c70000] [id=5244]

siginfo: ExceptionCode=0xc0000005, reading address 0xffffffffffffffff

Registers:
RAX=0xf079016c00000000, RBX=0x0000000783c80cd0, RCX=0x032cebe800000007, RDX=0x032cebe800000000
RSP=0x0000000012c6f6d0, RBP=0x0000000000000001, RSI=0x0000000019e049c0, RDI=0x0000000703abd608
R8 =0x00000000f80435e3, R9 =0x1fffffffffffffff, R10=0x00650069006c0043, R11=0x000000078d1adef8
R12=0x0000000011d895ea, R13=0xf079016c00000000, R14=0x0000000000000000, R15=0x00000000028d1ee0
RIP=0x0000000065fdfe56, EFLAGS=0x0000000000010286

Top of Stack: (sp=0x0000000012c6f6d0)
0x0000000012c6f6d0:   0000000783c90cb8 0000000000000003
0x0000000012c6f6e0:   0000000019e049c0 0000000065cfbf92
0x0000000012c6f6f0:   000000078d1add98 0000000000001000
0x0000000012c6f700:   00000000663dd4f0 0000000065cf48ef
0x0000000012c6f710:   0000000000000000 0000000019e04900
0x0000000012c6f720:   0000000011d895ea 0000000065fe01d0
0x0000000012c6f730:   000000078d1adf84 0000000011d89601
0x0000000012c6f740:   0000000019e049c0 0000000703abd608
0x0000000012c6f750:   000000078d1adf84 0000000065fe0d85
0x0000000012c6f760:   0000000783c93288 0000000011d89601
0x0000000012c6f770:   0000000019e049c0 0000000065d04939
0x0000000012c6f780:   00000000663dd4f0 0000000000000004
0x0000000012c6f790:   0000000703a30774 0000000065d050c7
0x0000000012c6f7a0:   0000000703a3077d 0000000703a3077d
0x0000000012c6f7b0:   0000000703530bb1 0000000703530bb1
0x0000000012c6f7c0:   0000000703abd534 0000000065d050c7 

Instructions: (pc=0x0000000065fdfe56)
0x0000000065fdfe36:   48 8b 52 08 48 8b cb e8 1e 16 cc ff 48 63 e8 41
0x0000000065fdfe46:   0f b6 c5 f6 d0 a8 01 49 8b c5 74 06 48 83 e0 fd
0x0000000065fdfe56:   8b 00 48 c1 e8 03 83 e0 0f 3b 05 93 d7 3f 00 0f
0x0000000065fdfe66:   83 2b 01 00 00 48 8b 7e 08 48 8d 04 ef 48 3b c7 


Register to memory mapping:

RAX=0xf079016c00000000 is an unknown value
RBX=0x0000000783c80cd0 is an unknown value
RCX=0x032cebe800000007 is an unknown value
RDX=0x032cebe800000000 is an unknown value
RSP=0x0000000012c6f6d0 is an unknown value
RBP=0x0000000000000001 is an unknown value
RSI=0x0000000019e049c0 is an unknown value
RDI=0x0000000703abd608 is an oop
[C 
 - klass: {type array char}
 - length: 13
R8 =0x00000000f80435e3 is an unknown value
R9 =0x1fffffffffffffff is an unknown value
R10=0x00650069006c0043 is an unknown value
R11=0x000000078d1adef8 is an oop
[C 
 - klass: {type array char}
 - length: 29
R12=0x0000000011d895ea is an unknown value
R13=0xf079016c00000000 is an unknown value
R14=0x0000000000000000 is an unknown value
R15=0x00000000028d1ee0 is an unknown value


Stack: [0x0000000012b70000,0x0000000012c70000],  sp=0x0000000012c6f6d0,  free space=1021k
Native frames: (J=compiled Java code, j=interpreted, Vv=VM code, C=native code)
V  [jvm.dll+0x3dfe56]
V  [jvm.dll+0x3e01d0]
V  [jvm.dll+0x3e0d85]
V  [jvm.dll+0x3d029f]
V  [jvm.dll+0x3e2d52]
V  [jvm.dll+0x3d1b5e]
V  [jvm.dll+0x28576a]
C  [msvcr100.dll+0x21d9f]
C  [msvcr100.dll+0x21e3b]
C  [KERNEL32.DLL+0x8364]
C  [ntdll.dll+0x670d1]


---------------  P R O C E S S  ---------------

Java Threads: ( => current thread )
  0x000000001bf11000 JavaThread "Service Thread" daemon [_thread_blocked, id=13536, stack(0x000000001c800000,0x000000001c900000)]
  0x000000001be8f800 JavaThread "C1 CompilerThread3" daemon [_thread_blocked, id=6596, stack(0x000000001c700000,0x000000001c800000)]
  0x000000001be8c000 JavaThread "C2 CompilerThread2" daemon [_thread_in_native, id=1984, stack(0x000000001c600000,0x000000001c700000)]
  0x000000001be36000 JavaThread "C2 CompilerThread1" daemon [_thread_in_native, id=10388, stack(0x000000001c500000,0x000000001c600000)]
  0x000000001be30000 JavaThread "C2 CompilerThread0" daemon [_thread_blocked, id=4116, stack(0x000000001c400000,0x000000001c500000)]
  0x000000001be2e800 JavaThread "Attach Listener" daemon [_thread_blocked, id=14704, stack(0x000000001c300000,0x000000001c400000)]
  0x000000001be88800 JavaThread "Signal Dispatcher" daemon [_thread_blocked, id=14120, stack(0x000000001c200000,0x000000001c300000)]
  0x00000000029b8000 JavaThread "Finalizer" daemon [_thread_blocked, id=9580, stack(0x000000001bd00000,0x000000001be00000)]
  0x0000000019e0c000 JavaThread "Reference Handler" daemon [_thread_blocked, id=12540, stack(0x000000001bc00000,0x000000001bd00000)]
  0x000000000252d800 JavaThread "main" [_thread_blocked, id=5388, stack(0x0000000002390000,0x0000000002490000)]

Other Threads:
  0x0000000019e07800 VMThread [stack: 0x000000001bb00000,0x000000001bc00000] [id=15276]
  0x000000001bf12000 WatcherThread [stack: 0x000000001c900000,0x000000001ca00000] [id=14576]

=>0x00000000028dd800 (exited) GCTaskThread [stack: 0x0000000012b70000,0x0000000012c70000] [id=5244]

VM state:at safepoint (normal execution)

VM Mutex/Monitor currently owned by a thread:  ([mutex/lock_event])
[0x000000000252c740] Threads_lock - owner thread: 0x0000000019e07800
[0x000000000252cec0] Heap_lock - owner thread: 0x000000000252d800

Heap:
 PSYoungGen      total 210432K, used 195072K [0x0000000780d80000, 0x000000078ee80000, 0x00000007c0000000)
  eden space 195072K, 100% used [0x0000000780d80000,0x000000078cc00000,0x000000078cc00000)
  from space 15360K, 0% used [0x000000078dc80000,0x000000078dc80000,0x000000078eb80000)
  to   space 16896K, 99% used [0x000000078cc00000,0x000000078dc7b6d0,0x000000078dc80000)
 ParOldGen       total 111616K, used 42884K [0x0000000702800000, 0x0000000709500000, 0x0000000780d80000)
  object space 111616K, 38% used [0x0000000702800000,0x00000007051e12e0,0x0000000709500000)
 Metaspace       used 24475K, capacity 25182K, committed 25344K, reserved 1071104K
  class space    used 2792K, capacity 2968K, committed 3072K, reserved 1048576K

Card table byte_map: [0x0000000011d80000,0x0000000012370000] byte_map_base: 0x000000000e56c000

Marking Bits: (ParMarkBitMap*) 0x00000000663dd4f0
 Begin Bits: [0x0000000012f70000, 0x0000000015ed0000)
 End Bits:   [0x0000000015ed0000, 0x0000000018e30000)

Polling page: 0x0000000000780000

CodeCache: size=245760Kb used=19219Kb max_used=19746Kb free=226540Kb
 bounds [0x00000000029c0000, 0x0000000003d20000, 0x00000000119c0000]
 total_blobs=5884 nmethods=5508 adapters=288
 compilation: enabled

Compilation events (10 events):
Event: 5.032 Thread 0x000000001be8f800 nmethod 5935 0x0000000002f7ef90 code [0x0000000002f7f1c0, 0x0000000002f7ffb8]
Event: 5.032 Thread 0x000000001be8f800 5936       2       org.codehaus.plexus.util.SelectorUtils::matchAntPathPattern (566 bytes)
Event: 5.033 Thread 0x000000001be8f800 nmethod 5936 0x0000000002af0f10 code [0x0000000002af1220, 0x0000000002af2348]
Event: 5.033 Thread 0x000000001be8f800 5934       2       org.codehaus.plexus.util.SelectorUtils::matchPath (129 bytes)
Event: 5.034 Thread 0x000000001be8f800 nmethod 5934 0x0000000002af0050 code [0x0000000002af0260, 0x0000000002af0798]
Event: 5.035 Thread 0x000000001be8f800 5937       2       org.codehaus.plexus.util.SelectorUtils::equals (37 bytes)
Event: 5.035 Thread 0x000000001be8f800 nmethod 5937 0x0000000002aefad0 code [0x0000000002aefc60, 0x0000000002aefe78]
Event: 5.036 Thread 0x000000001be8f800 5938 %     3       org.codehaus.plexus.util.SelectorUtils::match @ 36 (534 bytes)
Event: 5.037 Thread 0x000000001be8f800 nmethod 5938% 0x0000000002ad2810 code [0x0000000002ad2b00, 0x0000000002ad45b8]
Event: 5.038 Thread 0x000000001be8f800 5939       3       org.codehaus.plexus.util.SelectorUtils::match (534 bytes)

GC Heap History (10 events):
Event: 1.517 GC heap after
Heap after GC invocations=3 (full 0):
 PSYoungGen      total 56832K, used 7656K [0x0000000780d80000, 0x0000000787c80000, 0x00000007c0000000)
  eden space 49152K, 0% used [0x0000000780d80000,0x0000000780d80000,0x0000000783d80000)
  from space 7680K, 99% used [0x0000000783d80000,0x00000007844fa040,0x0000000784500000)
  to   space 7680K, 0% used [0x0000000787500000,0x0000000787500000,0x0000000787c80000)
 ParOldGen       total 130048K, used 4626K [0x0000000702800000, 0x000000070a700000, 0x0000000780d80000)
  object space 130048K, 3% used [0x0000000702800000,0x0000000702c84b30,0x000000070a700000)
 Metaspace       used 15237K, capacity 15538K, committed 15744K, reserved 1062912K
  class space    used 1826K, capacity 1917K, committed 1920K, reserved 1048576K
}
Event: 1.732 GC heap before
{Heap before GC invocations=4 (full 0):
 PSYoungGen      total 56832K, used 56808K [0x0000000780d80000, 0x0000000787c80000, 0x00000007c0000000)
  eden space 49152K, 100% used [0x0000000780d80000,0x0000000783d80000,0x0000000783d80000)
  from space 7680K, 99% used [0x0000000783d80000,0x00000007844fa040,0x0000000784500000)
  to   space 7680K, 0% used [0x0000000787500000,0x0000000787500000,0x0000000787c80000)
 ParOldGen       total 130048K, used 4626K [0x0000000702800000, 0x000000070a700000, 0x0000000780d80000)
  object space 130048K, 3% used [0x0000000702800000,0x0000000702c84b30,0x000000070a700000)
 Metaspace       used 15382K, capacity 15696K, committed 15872K, reserved 1062912K
  class space    used 1829K, capacity 1922K, committed 2048K, reserved 1048576K
Event: 1.742 GC heap after
Heap after GC invocations=4 (full 0):
 PSYoungGen      total 105984K, used 7656K [0x0000000780d80000, 0x0000000787c80000, 0x00000007c0000000)
  eden space 98304K, 0% used [0x0000000780d80000,0x0000000780d80000,0x0000000786d80000)
  from space 7680K, 99% used [0x0000000787500000,0x0000000787c7a040,0x0000000787c80000)
  to   space 7680K, 0% used [0x0000000786d80000,0x0000000786d80000,0x0000000787500000)
 ParOldGen       total 130048K, used 9606K [0x0000000702800000, 0x000000070a700000, 0x0000000780d80000)
  object space 130048K, 7% used [0x0000000702800000,0x0000000703161818,0x000000070a700000)
 Metaspace       used 15382K, capacity 15696K, committed 15872K, reserved 1062912K
  class space    used 1829K, capacity 1922K, committed 2048K, reserved 1048576K
}
Event: 2.384 GC heap before
{Heap before GC invocations=5 (full 0):
 PSYoungGen      total 105984K, used 105960K [0x0000000780d80000, 0x0000000787c80000, 0x00000007c0000000)
  eden space 98304K, 100% used [0x0000000780d80000,0x0000000786d80000,0x0000000786d80000)
  from space 7680K, 99% used [0x0000000787500000,0x0000000787c7a040,0x0000000787c80000)
  to   space 7680K, 0% used [0x0000000786d80000,0x0000000786d80000,0x0000000787500000)
 ParOldGen       total 130048K, used 9606K [0x0000000702800000, 0x000000070a700000, 0x0000000780d80000)
  object space 130048K, 7% used [0x0000000702800000,0x0000000703161818,0x000000070a700000)
 Metaspace       used 16615K, capacity 17074K, committed 17152K, reserved 1064960K
  class space    used 1943K, capacity 2037K, committed 2048K, reserved 1048576K
Event: 2.398 GC heap after
Heap after GC invocations=5 (full 0):
 PSYoungGen      total 105984K, used 7680K [0x0000000780d80000, 0x000000078eb80000, 0x00000007c0000000)
  eden space 98304K, 0% used [0x0000000780d80000,0x0000000780d80000,0x0000000786d80000)
  from space 7680K, 100% used [0x0000000786d80000,0x0000000787500000,0x0000000787500000)
  to   space 15360K, 0% used [0x000000078dc80000,0x000000078dc80000,0x000000078eb80000)
 ParOldGen       total 130048K, used 15184K [0x0000000702800000, 0x000000070a700000, 0x0000000780d80000)
  object space 130048K, 11% used [0x0000000702800000,0x00000007036d43e8,0x000000070a700000)
 Metaspace       used 16615K, capacity 17074K, committed 17152K, reserved 1064960K
  class space    used 1943K, capacity 2037K, committed 2048K, reserved 1048576K
}
Event: 2.872 GC heap before
{Heap before GC invocations=6 (full 0):
 PSYoungGen      total 105984K, used 63027K [0x0000000780d80000, 0x000000078eb80000, 0x00000007c0000000)
  eden space 98304K, 56% used [0x0000000780d80000,0x000000078438cf38,0x0000000786d80000)
  from space 7680K, 100% used [0x0000000786d80000,0x0000000787500000,0x0000000787500000)
  to   space 15360K, 0% used [0x000000078dc80000,0x000000078dc80000,0x000000078eb80000)
 ParOldGen       total 130048K, used 15184K [0x0000000702800000, 0x000000070a700000, 0x0000000780d80000)
  object space 130048K, 11% used [0x0000000702800000,0x00000007036d43e8,0x000000070a700000)
 Metaspace       used 20606K, capacity 21110K, committed 21296K, reserved 1069056K
  class space    used 2472K, capacity 2597K, committed 2688K, reserved 1048576K
Event: 2.889 GC heap after
Heap after GC invocations=6 (full 0):
 PSYoungGen      total 210432K, used 15073K [0x0000000780d80000, 0x000000078ee80000, 0x00000007c0000000)
  eden space 195072K, 0% used [0x0000000780d80000,0x0000000780d80000,0x000000078cc00000)
  from space 15360K, 98% used [0x000000078dc80000,0x000000078eb38550,0x000000078eb80000)
  to   space 16896K, 0% used [0x000000078cc00000,0x000000078cc00000,0x000000078dc80000)
 ParOldGen       total 130048K, used 15192K [0x0000000702800000, 0x000000070a700000, 0x0000000780d80000)
  object space 130048K, 11% used [0x0000000702800000,0x00000007036d63e8,0x000000070a700000)
 Metaspace       used 20606K, capacity 21110K, committed 21296K, reserved 1069056K
  class space    used 2472K, capacity 2597K, committed 2688K, reserved 1048576K
}
Event: 2.889 GC heap before
{Heap before GC invocations=7 (full 1):
 PSYoungGen      total 210432K, used 15073K [0x0000000780d80000, 0x000000078ee80000, 0x00000007c0000000)
  eden space 195072K, 0% used [0x0000000780d80000,0x0000000780d80000,0x000000078cc00000)
  from space 15360K, 98% used [0x000000078dc80000,0x000000078eb38550,0x000000078eb80000)
  to   space 16896K, 0% used [0x000000078cc00000,0x000000078cc00000,0x000000078dc80000)
 ParOldGen       total 130048K, used 15192K [0x0000000702800000, 0x000000070a700000, 0x0000000780d80000)
  object space 130048K, 11% used [0x0000000702800000,0x00000007036d63e8,0x000000070a700000)
 Metaspace       used 20606K, capacity 21110K, committed 21296K, reserved 1069056K
  class space    used 2472K, capacity 2597K, committed 2688K, reserved 1048576K
Event: 3.006 GC heap after
Heap after GC invocations=7 (full 1):
 PSYoungGen      total 210432K, used 0K [0x0000000780d80000, 0x000000078ee80000, 0x00000007c0000000)
  eden space 195072K, 0% used [0x0000000780d80000,0x0000000780d80000,0x000000078cc00000)
  from space 15360K, 0% used [0x000000078dc80000,0x000000078dc80000,0x000000078eb80000)
  to   space 16896K, 0% used [0x000000078cc00000,0x000000078cc00000,0x000000078dc80000)
 ParOldGen       total 111616K, used 25445K [0x0000000702800000, 0x0000000709500000, 0x0000000780d80000)
  object space 111616K, 22% used [0x0000000702800000,0x00000007040d9480,0x0000000709500000)
 Metaspace       used 20606K, capacity 21110K, committed 21296K, reserved 1069056K
  class space    used 2472K, capacity 2597K, committed 2688K, reserved 1048576K
}
Event: 5.039 GC heap before
{Heap before GC invocations=8 (full 1):
 PSYoungGen      total 210432K, used 195072K [0x0000000780d80000, 0x000000078ee80000, 0x00000007c0000000)
  eden space 195072K, 100% used [0x0000000780d80000,0x000000078cc00000,0x000000078cc00000)
  from space 15360K, 0% used [0x000000078dc80000,0x000000078dc80000,0x000000078eb80000)
  to   space 16896K, 0% used [0x000000078cc00000,0x000000078cc00000,0x000000078dc80000)
 ParOldGen       total 111616K, used 25445K [0x0000000702800000, 0x0000000709500000, 0x0000000780d80000)
  object space 111616K, 22% used [0x0000000702800000,0x00000007040d9480,0x0000000709500000)
 Metaspace       used 24475K, capacity 25182K, committed 25344K, reserved 1071104K
  class space    used 2792K, capacity 2968K, committed 3072K, reserved 1048576K

Deoptimization events (10 events):
Event: 4.391 Thread 0x000000000252d800 Uncommon trap: reason=predicate action=maybe_recompile pc=0x0000000003bf00a4 method=com.sun.tools.javac.code.Type.containsAny(Lcom/sun/tools/javac/util/List;)Z @ 14
Event: 4.444 Thread 0x000000000252d800 Uncommon trap: reason=class_check action=maybe_recompile pc=0x0000000003cba06c method=com.sun.tools.javac.comp.Attr.checkIdInternal(Lcom/sun/tools/javac/tree/JCTree;Lcom/sun/tools/javac/code/Type;Lcom/sun/tools/javac/code/Symbol;Lcom/sun/tools/javac/code/T
Event: 4.447 Thread 0x000000000252d800 Uncommon trap: reason=class_check action=maybe_recompile pc=0x0000000003cba06c method=com.sun.tools.javac.comp.Attr.checkIdInternal(Lcom/sun/tools/javac/tree/JCTree;Lcom/sun/tools/javac/code/Type;Lcom/sun/tools/javac/code/Symbol;Lcom/sun/tools/javac/code/T<±D¨¨Î@
Event: 4.452 Thread 0x000000000252d800 Uncommon trap: reason=bimorphic action=maybe_recompile pc=0x0000000003c9798c method=com.sun.tools.javac.code.Types.rank(Lcom/sun/tools/javac/code/Type;)I @ 1
Event: 4.514 Thread 0x000000000252d800 Uncommon trap: reason=speculate_class_check action=maybe_recompile pc=0x0000000003a9ba14 method=com.sun.tools.javac.code.Type.hasTag(Lcom/sun/tools/javac/code/TypeTag;)Z @ 2
Event: 4.515 Thread 0x000000000252d800 Uncommon trap: reason=speculate_class_check action=maybe_recompile pc=0x0000000003a9ba14 method=com.sun.tools.javac.code.Type.hasTag(Lcom/sun/tools/javac/code/TypeTag;)Z @ 2
Event: 4.532 Thread 0x000000000252d800 Uncommon trap: reason=class_check action=maybe_recompile pc=0x0000000003a5f598 method=com.sun.tools.javac.code.Type$ClassType.allparams()Lcom/sun/tools/javac/util/List; @ 16
Event: 4.577 Thread 0x000000000252d800 Uncommon trap: reason=speculate_class_check action=maybe_recompile pc=0x00000000039697e0 method=com.sun.tools.javac.code.Type.hasTag(Lcom/sun/tools/javac/code/TypeTag;)Z @ 2
Event: 4.762 Thread 0x000000000252d800 Uncommon trap: reason=unreached action=reinterpret pc=0x000000000321c0dc method=org.apache.maven.model.Dependency.clone()Lorg/apache/maven/model/Dependency; @ 76
Event: 4.821 Thread 0x000000000252d800 Uncommon trap: reason=class_check action=maybe_recompile pc=0x00000000033a845c method=org.eclipse.sisu.wire.EntryListAdapter$ValueIterator.hasNext()Z @ 4

Internal exceptions (10 events):
Event: 5.016 Thread 0x000000000252d800 Exception <a 'java/security/PrivilegedActionException'> (0x000000078c98c218) thrown at [C:\workspace\8-2-build-windows-amd64-cygwin\jdk8u31\2394\hotspot\src\share\vm\prims\jvm.cpp, line 1312]
Event: 5.019 Thread 0x000000000252d800 Exception <a 'java/security/PrivilegedActionException'> (0x000000078c99b340) thrown at [C:\workspace\8-2-build-windows-amd64-cygwin\jdk8u31\2394\hotspot\src\share\vm\prims\jvm.cpp, line 1312]
Event: 5.019 Thread 0x000000000252d800 Exception <a 'java/security/PrivilegedActionException'> (0x000000078c99bc40) thrown at [C:\workspace\8-2-build-windows-amd64-cygwin\jdk8u31\2394\hotspot\src\share\vm\prims\jvm.cpp, line 1312]
Event: 5.021 Thread 0x000000000252d800 Exception <a 'java/security/PrivilegedActionException'> (0x000000078c9bf280) thrown at [C:\workspace\8-2-build-windows-amd64-cygwin\jdk8u31\2394\hotspot\src\share\vm\prims\jvm.cpp, line 1312]
Event: 5.022 Thread 0x000000000252d800 Exception <a 'java/security/PrivilegedActionException'> (0x000000078c9c6bb8) thrown at [C:\workspace\8-2-build-windows-amd64-cygwin\jdk8u31\2394\hotspot\src\share\vm\prims\jvm.cpp, line 1312]
Event: 5.026 Thread 0x000000000252d800 Exception <a 'java/security/PrivilegedActionException'> (0x000000078c9dd300) thrown at [C:\workspace\8-2-build-windows-amd64-cygwin\jdk8u31\2394\hotspot\src\share\vm\prims\jvm.cpp, line 1312]
Event: 5.026 Thread 0x000000000252d800 Exception <a 'java/security/PrivilegedActionException'> (0x000000078c9e4388) thrown at [C:\workspace\8-2-build-windows-amd64-cygwin\jdk8u31\2394\hotspot\src\share\vm\prims\jvm.cpp, line 1312]
Event: 5.027 Thread 0x000000000252d800 Exception <a 'java/security/PrivilegedActionException'> (0x000000078c9ec380) thrown at [C:\workspace\8-2-build-windows-amd64-cygwin\jdk8u31\2394\hotspot\src\share\vm\prims\jvm.cpp, line 1312]
Event: 5.027 Thread 0x000000000252d800 Exception <a 'java/security/PrivilegedActionException'> (0x000000078c9f35c8) thrown at [C:\workspace\8-2-build-windows-amd64-cygwin\jdk8u31\2394\hotspot\src\share\vm\prims\jvm.cpp, line 1312]
Event: 5.029 Thread 0x000000000252d800 Exception <a 'java/security/PrivilegedActionException'> (0x000000078c9f8728) thrown at [C:\workspace\8-2-build-windows-amd64-cygwin\jdk8u31\2394\hotspot\src\share\vm\prims\jvm.cpp, line 1312]

Events (10 events):
Event: 5.027 loading class org/codehaus/plexus/util/AbstractScanner done
Event: 5.027 loading class org/codehaus/plexus/util/Scanner
Event: 5.027 loading class org/codehaus/plexus/util/Scanner done
Event: 5.027 loading class org/codehaus/plexus/util/Scanner
Event: 5.027 loading class org/codehaus/plexus/util/Scanner done
Event: 5.028 loading class org/codehaus/plexus/util/SelectorUtils
Event: 5.028 loading class org/codehaus/plexus/util/SelectorUtils done
Event: 5.029 loading class org/codehaus/plexus/util/SelectorUtils
Event: 5.029 loading class org/codehaus/plexus/util/SelectorUtils done
Event: 5.039 Executing VM operation: ParallelGCFailedAllocation


Dynamic libraries:
0x00007ff7aeed0000 - 0x00007ff7aef04000 	D:\Program Files\Java\jdk\bin\javaw.exe
0x00007ffc045e0000 - 0x00007ffc047b1000 	C:\windows\SYSTEM32\ntdll.dll
0x00007ffc01cc0000 - 0x00007ffc01d6c000 	C:\windows\System32\KERNEL32.DLL
0x00007ffc01520000 - 0x00007ffc0173d000 	C:\windows\System32\KERNELBASE.dll
0x00007ffc01c10000 - 0x00007ffc01cb2000 	C:\windows\System32\ADVAPI32.dll
0x00007ffc01b70000 - 0x00007ffc01c0e000 	C:\windows\System32\msvcrt.dll
0x00007ffc04580000 - 0x00007ffc045d9000 	C:\windows\System32\sechost.dll
0x00007ffc038e0000 - 0x00007ffc03a01000 	C:\windows\System32\RPCRT4.dll
0x00007ffc03a10000 - 0x00007ffc03b75000 	C:\windows\System32\USER32.dll
0x00007ffc00b30000 - 0x00007ffc00b4e000 	C:\windows\System32\win32u.dll
0x00007ffc022a0000 - 0x00007ffc022d4000 	C:\windows\System32\GDI32.dll
0x00007ffc019f0000 - 0x00007ffc01b70000 	C:\windows\System32\gdi32full.dll
0x00007ffbf77d0000 - 0x00007ffbf7a4a000 	C:\windows\WinSxS\amd64_microsoft.windows.common-controls_6595b64144ccf1df_6.0.14393.953_none_42151e83c686086b\COMCTL32.dll
0x00007ffc04070000 - 0x00007ffc04338000 	C:\windows\System32\combase.dll
0x00007ffc018f0000 - 0x00007ffc019e5000 	C:\windows\System32\ucrtbase.dll
0x00007ffc014b0000 - 0x00007ffc0151a000 	C:\windows\System32\bcryptPrimitives.dll
0x00007ffc044e0000 - 0x00007ffc0450e000 	C:\windows\System32\IMM32.DLL
0x0000000066460000 - 0x0000000066532000 	D:\Program Files\Java\jdk\jre\bin\msvcr100.dll
0x0000000065c00000 - 0x000000006645a000 	D:\Program Files\Java\jdk\jre\bin\server\jvm.dll
0x00007ffc01dd0000 - 0x00007ffc01dd8000 	C:\windows\System32\PSAPI.DLL
0x00007ffbfda00000 - 0x00007ffbfda09000 	C:\windows\SYSTEM32\WSOCK32.dll
0x00007ffbfecc0000 - 0x00007ffbfece3000 	C:\windows\SYSTEM32\WINMM.dll
0x00007ffc04510000 - 0x00007ffc0457a000 	C:\windows\System32\WS2_32.dll
0x00007ffbfec00000 - 0x00007ffbfec2b000 	C:\windows\SYSTEM32\WINMMBASE.dll
0x00007ffc00ae0000 - 0x00007ffc00b22000 	C:\windows\System32\cfgmgr32.dll
0x0000000065bf0000 - 0x0000000065bff000 	D:\Program Files\Java\jdk\jre\bin\verify.dll
0x0000000065bc0000 - 0x0000000065be8000 	D:\Program Files\Java\jdk\jre\bin\java.dll
0x0000000065ba0000 - 0x0000000065bb6000 	D:\Program Files\Java\jdk\jre\bin\zip.dll
0x00007ffc022e0000 - 0x00007ffc037e8000 	C:\windows\System32\SHELL32.dll
0x00007ffc00b50000 - 0x00007ffc0122a000 	C:\windows\System32\windows.storage.dll
0x00007ffc00a50000 - 0x00007ffc00a9c000 	C:\windows\System32\powrprof.dll
0x00007ffc03800000 - 0x00007ffc03852000 	C:\windows\System32\shlwapi.dll
0x00007ffc00ab0000 - 0x00007ffc00abf000 	C:\windows\System32\kernel.appcore.dll
0x00007ffc01230000 - 0x00007ffc012d9000 	C:\windows\System32\shcore.dll
0x00007ffc00ac0000 - 0x00007ffc00ad4000 	C:\windows\System32\profapi.dll
0x0000000065b70000 - 0x0000000065b8a000 	D:\Program Files\Java\jdk\jre\bin\net.dll
0x00007ffc002f0000 - 0x00007ffc0034c000 	C:\windows\system32\mswsock.dll
0x0000000065b50000 - 0x0000000065b61000 	D:\Program Files\Java\jdk\jre\bin\nio.dll
0x00007ffbfd520000 - 0x00007ffbfd6b2000 	C:\windows\SYSTEM32\dbghelp.dll

VM Arguments:
jvm_args: -Dmaven.home=D:\Program Files\apache-maven-3.3.9 -Dclassworlds.conf=D:\MyXFiles\EclipseWeb\.metadata\.plugins\org.eclipse.m2e.launching\launches\m2conf4645839813537221809.tmp -Dmaven.multiModuleProjectDirectory=D:\MyXFiles\svn\workspace\chinahrd-hrbi\hrd-util -Dfile.encoding=UTF-8 
java_command: org.codehaus.plexus.classworlds.launcher.Launcher -B -Dmaven.test.skip=true -DskipTests -gs D:\maven\mvn-settings.xml -s D:\maven\mvn-settings.xml clean install
java_class_path (initial): D:\Program Files\apache-maven-3.3.9\boot\plexus-classworlds-2.5.2.jar
Launcher Type: SUN_STANDARD

Environment Variables:
JAVA_HOME=D:\Program Files\Java\jdk
PATH=D:/Program Files/Java/jre/bin/server;D:/Program Files/Java/jre/bin;D:/Program Files/Java/jre/lib/amd64;C:\ProgramData\Oracle\Java\javapath;C:\windows\system32;C:\windows;C:\windows\System32\Wbem;C:\windows\System32\WindowsPowerShell\v1.0\;%MARIADB_HOME%\bin;%JAVA_HOME%\bin;%MAVEN_HOME%\bin;%TOMCAT_HOME%\bin;%KETTLE_HOME%\;%MYCAT_HOME%\bin;C:\Program Files\TortoiseSVN\bin;D:\Program Files\nodejs\node_global;D:\Program Files\nodejs\;D:\Program Files\Git\cmd;C:\Users\Kingsing zhueng\AppData\Local\Microsoft\WindowsApps;d:\Program Files\Microsoft VS Code\bin;D:\Program Files\eclipse\eclipse-jee-neon-M4a-win32-x86_64\eclipse;
USERNAME=Kingsing zhueng
OS=Windows_NT
PROCESSOR_IDENTIFIER=Intel64 Family 6 Model 94 Stepping 3, GenuineIntel



---------------  S Y S T E M  ---------------

OS: Windows 8.1 , 64 bit Build 9600 

CPU:total 8 (4 cores per cpu, 2 threads per core) family 6 model 94 stepping 3, cmov, cx8, fxsr, mmx, sse, sse2, sse3, ssse3, sse4.1, sse4.2, popcnt, avx, avx2, aes, clmul, erms, rtm, lzcnt, ht, tsc, tscinvbit, bmi1, bmi2

Memory: 4k page, physical 12415872k(6000888k free), swap 15982332k(4257672k free)

vm_info: Java HotSpot(TM) 64-Bit Server VM (25.31-b07) for windows-amd64 JRE (1.8.0_31-b13), built on Dec 17 2014 21:00:28 by "java_re" with MS VC++ 10.0 (VS2010)

time: Tue Jul 18 11:06:49 2017
elapsed time: 5 seconds (0d 0h 0m 5s)

